Build started 11/20/2018 12:45:27 PM.
     1>Project "C:\Users\JAY\Documents\Visual Studio 2013\Projects\live_train_module\live_train_module\live_train_module.vcxproj" on node 2 (Build target(s)).
     1>ClCompile:
         C:\Program Files (x86)\Microsoft Visual Studio 12.0\VC\bin\CL.exe /c /ZI /nologo /W3 /WX- /sdl /Od /Oy- /D WIN32 /D _DEBUG /D _CONSOLE /D _LIB /D _CRT_SECURE_NO_WARNINGS /D _UNICODE /D UNICODE /Gm /EHsc /RTC1 /MDd /GS /fp:precise /Zc:wchar_t /Zc:forScope /Yu"stdafx.h" /Fp"Debug\live_train_module.pch" /Fo"Debug\\" /Fd"Debug\vc120.pdb" /Gd /TP /analyze- /errorReport:prompt live_train_module.cpp
         live_train_module.cpp
     1>c:\users\jay\documents\visual studio 2013\projects\live_train_module\live_train_module\live_train_module.cpp(235): warning C4101: 'index' : unreferenced local variable
     1>c:\users\jay\documents\visual studio 2013\projects\live_train_module\live_train_module\live_train_module.cpp(333): warning C4101: 'index' : unreferenced local variable
     1>c:\users\jay\documents\visual studio 2013\projects\live_train_module\live_train_module\live_train_module.cpp(282): warning C4101: 'arr_energy' : unreferenced local variable
     1>c:\users\jay\documents\visual studio 2013\projects\live_train_module\live_train_module\live_train_module.cpp(425): warning C4101: 'index' : unreferenced local variable
     1>c:\users\jay\documents\visual studio 2013\projects\live_train_module\live_train_module\live_train_module.cpp(380): warning C4101: 'arr_energy' : unreferenced local variable
     1>c:\users\jay\documents\visual studio 2013\projects\live_train_module\live_train_module\live_train_module.cpp(707): warning C4101: 'i' : unreferenced local variable
     1>c:\users\jay\documents\visual studio 2013\projects\live_train_module\live_train_module\live_train_module.cpp(795): warning C4101: 'index' : unreferenced local variable
     1>c:\users\jay\documents\visual studio 2013\projects\live_train_module\live_train_module\live_train_module.cpp(995): warning C4101: 'j' : unreferenced local variable
     1>c:\users\jay\documents\visual studio 2013\projects\live_train_module\live_train_module\live_train_module.cpp(1353): warning C4101: 't' : unreferenced local variable
     1>c:\users\jay\documents\visual studio 2013\projects\live_train_module\live_train_module\live_train_module.cpp(1537): warning C4101: 'index' : unreferenced local variable
     1>c:\users\jay\documents\visual studio 2013\projects\live_train_module\live_train_module\live_train_module.cpp(1672): warning C4101: 'current_iteration' : unreferenced local variable
     1>c:\users\jay\documents\visual studio 2013\projects\live_train_module\live_train_module\live_train_module.cpp(1694): warning C4101: 'index' : unreferenced local variable
     1>c:\users\jay\documents\visual studio 2013\projects\live_train_module\live_train_module\live_train_module.cpp(1740): warning C4101: 'k' : unreferenced local variable
       Link:
         C:\Program Files (x86)\Microsoft Visual Studio 12.0\VC\bin\link.exe /ERRORREPORT:PROMPT /OUT:"C:\Users\JAY\Documents\Visual Studio 2013\Projects\live_train_module\Debug\live_train_module.exe" /INCREMENTAL /NOLOGO kernel32.lib user32.lib gdi32.lib winspool.lib comdlg32.lib advapi32.lib shell32.lib ole32.lib oleaut32.lib uuid.lib odbc32.lib odbccp32.lib /MANIFEST /MANIFESTUAC:"level='asInvoker' uiAccess='false'" /manifest:embed /DEBUG /PDB:"C:\Users\JAY\Documents\Visual Studio 2013\Projects\live_train_module\Debug\live_train_module.pdb" /SUBSYSTEM:CONSOLE /TLBID:1 /DYNAMICBASE /NXCOMPAT /IMPLIB:"C:\Users\JAY\Documents\Visual Studio 2013\Projects\live_train_module\Debug\live_train_module.lib" /MACHINE:X86 Debug\live_train_module.obj
         Debug\stdafx.obj
         live_train_module.vcxproj -> C:\Users\JAY\Documents\Visual Studio 2013\Projects\live_train_module\Debug\live_train_module.exe
     1>Done Building Project "C:\Users\JAY\Documents\Visual Studio 2013\Projects\live_train_module\live_train_module\live_train_module.vcxproj" (Build target(s)).

Build succeeded.

Time Elapsed 00:00:01.17
